<?xml version="1.0" encoding="UTF-8"?>
<testsuite xmlns:xsi="http://www.w3.org/2001/XMLSchema-instance" xsi:noNamespaceSchemaLocation="https://maven.apache.org/surefire/maven-surefire-plugin/xsd/surefire-test-report-3.0.xsd" version="3.0" name="ApiTest" time="2.704" tests="3" errors="0" skipped="0" failures="0">
  <properties>
    <property name="java.specification.version" value="17"/>
    <property name="sun.jnu.encoding" value="UTF-8"/>
    <property name="java.class.path" value="/home/k3/Documents/learn/autotest/rest assured/target/test-classes:/home/k3/Documents/learn/autotest/rest assured/target/classes:/home/k3/.m2/repository/io/rest-assured/rest-assured/5.3.0/rest-assured-5.3.0.jar:/home/k3/.m2/repository/org/apache/groovy/groovy/4.0.6/groovy-4.0.6.jar:/home/k3/.m2/repository/org/apache/groovy/groovy-xml/4.0.6/groovy-xml-4.0.6.jar:/home/k3/.m2/repository/org/apache/httpcomponents/httpclient/4.5.13/httpclient-4.5.13.jar:/home/k3/.m2/repository/org/apache/httpcomponents/httpcore/4.4.13/httpcore-4.4.13.jar:/home/k3/.m2/repository/commons-logging/commons-logging/1.2/commons-logging-1.2.jar:/home/k3/.m2/repository/commons-codec/commons-codec/1.11/commons-codec-1.11.jar:/home/k3/.m2/repository/org/apache/httpcomponents/httpmime/4.5.13/httpmime-4.5.13.jar:/home/k3/.m2/repository/org/hamcrest/hamcrest/2.1/hamcrest-2.1.jar:/home/k3/.m2/repository/org/ccil/cowan/tagsoup/tagsoup/1.2.1/tagsoup-1.2.1.jar:/home/k3/.m2/repository/io/rest-assured/json-path/5.3.0/json-path-5.3.0.jar:/home/k3/.m2/repository/org/apache/groovy/groovy-json/4.0.6/groovy-json-4.0.6.jar:/home/k3/.m2/repository/io/rest-assured/rest-assured-common/5.3.0/rest-assured-common-5.3.0.jar:/home/k3/.m2/repository/io/rest-assured/xml-path/5.3.0/xml-path-5.3.0.jar:/home/k3/.m2/repository/org/apache/commons/commons-lang3/3.11/commons-lang3-3.11.jar:/home/k3/.m2/repository/org/testng/testng/7.7.1/testng-7.7.1.jar:/home/k3/.m2/repository/org/slf4j/slf4j-api/1.7.36/slf4j-api-1.7.36.jar:/home/k3/.m2/repository/com/beust/jcommander/1.82/jcommander-1.82.jar:/home/k3/.m2/repository/org/webjars/jquery/3.6.1/jquery-3.6.1.jar:/home/k3/.m2/repository/com/fasterxml/jackson/core/jackson-databind/2.15.2/jackson-databind-2.15.2.jar:/home/k3/.m2/repository/com/fasterxml/jackson/core/jackson-annotations/2.15.2/jackson-annotations-2.15.2.jar:/home/k3/.m2/repository/com/fasterxml/jackson/core/jackson-core/2.15.2/jackson-core-2.15.2.jar:"/>
    <property name="java.vm.vendor" value="Arch Linux"/>
    <property name="sun.arch.data.model" value="64"/>
    <property name="java.vendor.url" value="https://openjdk.java.net/"/>
    <property name="user.timezone" value="Asia/Ho_Chi_Minh"/>
    <property name="os.name" value="Linux"/>
    <property name="java.vm.specification.version" value="17"/>
    <property name="sun.java.launcher" value="SUN_STANDARD"/>
    <property name="user.country" value="US"/>
    <property name="sun.boot.library.path" value="/usr/lib/jvm/java-17-openjdk/lib"/>
    <property name="sun.java.command" value="/home/k3/Documents/learn/autotest/rest assured/target/surefire/surefirebooter-20250217071928794_3.jar /home/k3/Documents/learn/autotest/rest assured/target/surefire 2025-02-17T07-19-28_726-jvmRun1 surefire-20250217071928794_1tmp surefire_0-20250217071928794_2tmp"/>
    <property name="jdk.debug" value="release"/>
    <property name="surefire.test.class.path" value="/home/k3/Documents/learn/autotest/rest assured/target/test-classes:/home/k3/Documents/learn/autotest/rest assured/target/classes:/home/k3/.m2/repository/io/rest-assured/rest-assured/5.3.0/rest-assured-5.3.0.jar:/home/k3/.m2/repository/org/apache/groovy/groovy/4.0.6/groovy-4.0.6.jar:/home/k3/.m2/repository/org/apache/groovy/groovy-xml/4.0.6/groovy-xml-4.0.6.jar:/home/k3/.m2/repository/org/apache/httpcomponents/httpclient/4.5.13/httpclient-4.5.13.jar:/home/k3/.m2/repository/org/apache/httpcomponents/httpcore/4.4.13/httpcore-4.4.13.jar:/home/k3/.m2/repository/commons-logging/commons-logging/1.2/commons-logging-1.2.jar:/home/k3/.m2/repository/commons-codec/commons-codec/1.11/commons-codec-1.11.jar:/home/k3/.m2/repository/org/apache/httpcomponents/httpmime/4.5.13/httpmime-4.5.13.jar:/home/k3/.m2/repository/org/hamcrest/hamcrest/2.1/hamcrest-2.1.jar:/home/k3/.m2/repository/org/ccil/cowan/tagsoup/tagsoup/1.2.1/tagsoup-1.2.1.jar:/home/k3/.m2/repository/io/rest-assured/json-path/5.3.0/json-path-5.3.0.jar:/home/k3/.m2/repository/org/apache/groovy/groovy-json/4.0.6/groovy-json-4.0.6.jar:/home/k3/.m2/repository/io/rest-assured/rest-assured-common/5.3.0/rest-assured-common-5.3.0.jar:/home/k3/.m2/repository/io/rest-assured/xml-path/5.3.0/xml-path-5.3.0.jar:/home/k3/.m2/repository/org/apache/commons/commons-lang3/3.11/commons-lang3-3.11.jar:/home/k3/.m2/repository/org/testng/testng/7.7.1/testng-7.7.1.jar:/home/k3/.m2/repository/org/slf4j/slf4j-api/1.7.36/slf4j-api-1.7.36.jar:/home/k3/.m2/repository/com/beust/jcommander/1.82/jcommander-1.82.jar:/home/k3/.m2/repository/org/webjars/jquery/3.6.1/jquery-3.6.1.jar:/home/k3/.m2/repository/com/fasterxml/jackson/core/jackson-databind/2.15.2/jackson-databind-2.15.2.jar:/home/k3/.m2/repository/com/fasterxml/jackson/core/jackson-annotations/2.15.2/jackson-annotations-2.15.2.jar:/home/k3/.m2/repository/com/fasterxml/jackson/core/jackson-core/2.15.2/jackson-core-2.15.2.jar:"/>
    <property name="sun.cpu.endian" value="little"/>
    <property name="user.home" value="/home/k3"/>
    <property name="user.language" value="en"/>
    <property name="java.specification.vendor" value="Oracle Corporation"/>
    <property name="java.version.date" value="2025-01-21"/>
    <property name="java.home" value="/usr/lib/jvm/java-17-openjdk"/>
    <property name="file.separator" value="/"/>
    <property name="basedir" value="/home/k3/Documents/learn/autotest/rest assured"/>
    <property name="java.vm.compressedOopsMode" value="Zero based"/>
    <property name="line.separator" value="&#10;"/>
    <property name="java.vm.specification.vendor" value="Oracle Corporation"/>
    <property name="java.specification.name" value="Java Platform API Specification"/>
    <property name="surefire.real.class.path" value="/home/k3/Documents/learn/autotest/rest assured/target/surefire/surefirebooter-20250217071928794_3.jar"/>
    <property name="sun.management.compiler" value="HotSpot 64-Bit Tiered Compilers"/>
    <property name="java.runtime.version" value="17.0.14+7"/>
    <property name="user.name" value="k3"/>
    <property name="path.separator" value=":"/>
    <property name="os.version" value="6.13.2-arch1-1"/>
    <property name="java.runtime.name" value="OpenJDK Runtime Environment"/>
    <property name="file.encoding" value="UTF-8"/>
    <property name="java.vm.name" value="OpenJDK 64-Bit Server VM"/>
    <property name="localRepository" value="/home/k3/.m2/repository"/>
    <property name="java.vendor.url.bug" value="https://bugreport.java.com/bugreport/"/>
    <property name="java.io.tmpdir" value="/tmp"/>
    <property name="java.version" value="17.0.14"/>
    <property name="user.dir" value="/home/k3/Documents/learn/autotest/rest assured"/>
    <property name="os.arch" value="amd64"/>
    <property name="java.vm.specification.name" value="Java Virtual Machine Specification"/>
    <property name="native.encoding" value="UTF-8"/>
    <property name="java.library.path" value="/usr/java/packages/lib:/usr/lib64:/lib64:/lib:/usr/lib"/>
    <property name="java.vm.info" value="mixed mode, sharing"/>
    <property name="java.vendor" value="Arch Linux"/>
    <property name="java.vm.version" value="17.0.14+7"/>
    <property name="java.specification.maintenance.version" value="1"/>
    <property name="sun.io.unicode.encoding" value="UnicodeLittle"/>
    <property name="java.class.version" value="61.0"/>
  </properties>
  <testcase name="testCreatePost" classname="ApiTest" time="1.787">
    <system-err><![CDATA[SLF4J: Failed to load class "org.slf4j.impl.StaticLoggerBinder".
SLF4J: Defaulting to no-operation (NOP) logger implementation
SLF4J: See http://www.slf4j.org/codes.html#StaticLoggerBinder for further details.
]]></system-err>
  </testcase>
  <testcase name="testGetPosts" classname="ApiTest" time="0.235"/>
  <testcase name="testGetSpecificPost" classname="ApiTest" time="0.242"/>
</testsuite>