<?xml version="1.0" encoding="UTF-8"?>
<!-- Generated by org.testng.reporters.JUnitReportReporter -->
<testsuite hostname="archlinux" failures="0" tests="3" name="ApiTest" time="2.263" errors="0" timestamp="2025-02-17T07:19:31 ICT" skipped="0">
  <testcase classname="ApiTest" name="testCreatePost" time="1.786"/>
  <system-out/>
  <testcase classname="ApiTest" name="testGetSpecificPost" time="0.241"/>
  <system-out/>
  <testcase classname="ApiTest" name="testGetPosts" time="0.236"/>
  <system-out/>
</testsuite> <!-- ApiTest -->
