<?xml version="1.0" encoding="UTF-8"?>
<!-- Generated by org.testng.reporters.JUnitReportReporter -->
<testsuite hostname="ITS-D-ANHNN" failures="0" tests="3" name="ApiTest" time="2.172" errors="0" timestamp="2025-02-17T17:49:30 ICT" skipped="0">
  <testcase classname="ApiTest" name="testGetPosts" time="0.182"/>
  <system-out/>
  <testcase classname="ApiTest" name="testCreatePost" time="1.843"/>
  <system-out/>
  <testcase classname="ApiTest" name="testGetSpecificPost" time="0.147"/>
  <system-out/>
</testsuite> <!-- ApiTest -->
