<?xml version="1.0" encoding="UTF-8"?>
<!-- Generated by org.testng.reporters.JUnitReportReporter -->
<testsuite hostname="ITS-D-ANHNN" failures="0" tests="1" name="MyTest" time="0.094" errors="0" timestamp="2025-02-17T18:10:55 ICT" skipped="0">
  <testcase classname="MyTest" name="getReq" time="0.094"/>
  <system-out/>
</testsuite> <!-- MyTest -->
